<?xml version="1.0" encoding="UTF-8"?>
<!-- Generated by org.testng.reporters.JUnitReportReporter -->
<testsuite skipped="0" hostname="Muttha-S" name="testRunner.TestRunnerClass" tests="1" failures="0" timestamp="2022-02-15T21:13:40 IST" time="21.567" errors="0">
  <testcase name="feature" time="21.567" classname="testRunner.TestRunnerClass"/>
  <system-out/>
</testsuite> <!-- testRunner.TestRunnerClass -->
